生成启动时间为 2012/7/22 12:40:53。
     1>项目“C:\Users\darkfall\Desktop\tvportable\cocos2dx\proj.win32\cocos2d-win32.vcxproj”在节点 2 上(build 个目标)。
     1>InitializeBuildStatus:
         正在创建“Release.win32\libcocos2d.unsuccessfulbuild”，因为已指定“AlwaysCreate”。
       ClCompile:
         c:\Program Files\Microsoft Visual Studio 10.0\VC\bin\CL.exe /c /I..\platform /I..\platform\third_party\win32\iconv /I..\platform\third_party\win32\zlib /I..\platform\third_party\win32\libpng /I..\platform\third_party\win32\libjpeg /I..\platform\third_party\win32\libxml2 /I..\platform\third_party\win32\pthread /I..\platform\third_party\win32\OGLES /I..\include /I.. /Zi /nologo /W3 /WX- /O2 /Oy- /D WIN32 /D NDEBUG /D _WINDOWS /D _USRDLL /D COCOS2DXWIN32_EXPORTS /D GL_GLEXT_PROTOTYPES /D _WINDLL /D _UNICODE /D UNICODE /Gm- /EHsc /MD /GS /fp:precise /Zc:wchar_t /Zc:forScope /Fo"Release.win32\\" /Fd"Release.win32\vc100.pdb" /Gd /TP /wd4251 /wd4996 /wd4267 /analyze- /errorReport:prompt ..\platform\win32\CCEGLView_win32.cpp
         CCEGLView_win32.cpp
     1>c:\users\darkfall\desktop\tvportable\cocos2dx\extensions\CCInputEvent.h(216): warning C4099: “cocos2d::CCInputEvent”: 类型名称以前使用“class”现在使用的是“struct”
                 c:\users\darkfall\desktop\tvportable\cocos2dx\platform\win32/CCEGLView_win32.h(37) : 参见“cocos2d::CCInputEvent”的声明
     1>..\platform\win32\CCEGLView_win32.cpp(431): warning C4244: “参数”: 从“float”转换到“int”，可能丢失数据
     1>..\platform\win32\CCEGLView_win32.cpp(431): warning C4244: “参数”: 从“float”转换到“int”，可能丢失数据
     1>..\platform\win32\CCEGLView_win32.cpp(448): warning C4244: “参数”: 从“float”转换到“int”，可能丢失数据
     1>..\platform\win32\CCEGLView_win32.cpp(448): warning C4244: “参数”: 从“float”转换到“int”，可能丢失数据
     1>..\platform\win32\CCEGLView_win32.cpp(467): warning C4244: “参数”: 从“float”转换到“int”，可能丢失数据
     1>..\platform\win32\CCEGLView_win32.cpp(467): warning C4244: “参数”: 从“float”转换到“int”，可能丢失数据
     1>..\platform\win32\CCEGLView_win32.cpp(496): warning C4244: “参数”: 从“float”转换到“int”，可能丢失数据
     1>..\platform\win32\CCEGLView_win32.cpp(496): warning C4244: “参数”: 从“float”转换到“int”，可能丢失数据
     1>..\platform\win32\CCEGLView_win32.cpp(508): warning C4244: “参数”: 从“float”转换到“int”，可能丢失数据
     1>..\platform\win32\CCEGLView_win32.cpp(508): warning C4244: “参数”: 从“float”转换到“int”，可能丢失数据
     1>..\platform\win32\CCEGLView_win32.cpp(516): warning C4244: “参数”: 从“float”转换到“int”，可能丢失数据
     1>..\platform\win32\CCEGLView_win32.cpp(516): warning C4244: “参数”: 从“float”转换到“int”，可能丢失数据
     1>..\platform\win32\CCEGLView_win32.cpp(525): warning C4244: “参数”: 从“float”转换到“int”，可能丢失数据
     1>..\platform\win32\CCEGLView_win32.cpp(525): warning C4244: “参数”: 从“float”转换到“int”，可能丢失数据
     1>..\platform\win32\CCEGLView_win32.cpp(534): warning C4244: “参数”: 从“float”转换到“int”，可能丢失数据
     1>..\platform\win32\CCEGLView_win32.cpp(534): warning C4244: “参数”: 从“float”转换到“int”，可能丢失数据
     1>..\platform\win32\CCEGLView_win32.cpp(543): warning C4244: “参数”: 从“float”转换到“int”，可能丢失数据
     1>..\platform\win32\CCEGLView_win32.cpp(543): warning C4244: “参数”: 从“float”转换到“int”，可能丢失数据
     1>..\platform\win32\CCEGLView_win32.cpp(552): warning C4244: “参数”: 从“float”转换到“int”，可能丢失数据
     1>..\platform\win32\CCEGLView_win32.cpp(552): warning C4244: “参数”: 从“float”转换到“int”，可能丢失数据
     1>..\platform\win32\CCEGLView_win32.cpp(561): warning C4244: “参数”: 从“float”转换到“int”，可能丢失数据
     1>..\platform\win32\CCEGLView_win32.cpp(561): warning C4244: “参数”: 从“float”转换到“int”，可能丢失数据
     1>..\platform\win32\CCEGLView_win32.cpp(570): warning C4244: “参数”: 从“float”转换到“int”，可能丢失数据
     1>..\platform\win32\CCEGLView_win32.cpp(570): warning C4244: “参数”: 从“float”转换到“int”，可能丢失数据
     1>..\platform\win32\CCEGLView_win32.cpp(579): warning C4244: “参数”: 从“float”转换到“int”，可能丢失数据
     1>..\platform\win32\CCEGLView_win32.cpp(579): warning C4244: “参数”: 从“float”转换到“int”，可能丢失数据
     1>..\platform\win32\CCEGLView_win32.cpp(588): warning C4244: “参数”: 从“float”转换到“int”，可能丢失数据
     1>..\platform\win32\CCEGLView_win32.cpp(588): warning C4244: “参数”: 从“float”转换到“int”，可能丢失数据
     1>..\platform\win32\CCEGLView_win32.cpp(598): warning C4244: “参数”: 从“float”转换到“int”，可能丢失数据
     1>..\platform\win32\CCEGLView_win32.cpp(598): warning C4244: “参数”: 从“float”转换到“int”，可能丢失数据
       ManifestResourceCompile:
         所有输出均为最新。
       Link:
         c:\Program Files\Microsoft Visual Studio 10.0\VC\bin\link.exe /ERRORREPORT:PROMPT /OUT:"C:\Users\darkfall\Desktop\tvportable\TVPortableWin\\..\TVPortable\Resources\libcocos2d.dll" /INCREMENTAL /NOLOGO /LIBPATH:C:\Users\darkfall\Desktop\tvportable\TVPortableWin\\..\TVPortable\Resources\ libEGL.lib libgles_cm.lib libxml2.lib libzlib.lib libpng.lib libjpeg.lib libiconv.lib pthreadVCE2.lib kernel32.lib user32.lib gdi32.lib winspool.lib comdlg32.lib advapi32.lib shell32.lib ole32.lib oleaut32.lib uuid.lib odbc32.lib odbccp32.lib /MANIFEST /ManifestFile:"Release.win32\libcocos2d.dll.intermediate.manifest" /MANIFESTUAC:"level='asInvoker' uiAccess='false'" /DEBUG /PDB:"C:\Users\darkfall\Desktop\tvportable\TVPortable\Resources\libcocos2d.pdb" /SUBSYSTEM:WINDOWS /OPT:REF /OPT:ICF /TLBID:1 /DYNAMICBASE /NXCOMPAT /IMPLIB:"C:\Users\darkfall\Desktop\tvportable\TVPortable\Resources\libcocos2d.lib" /MACHINE:X86 /DLL Release.win32\libcocos2d.dll.embed.manifest.res
         Release.win32\CCAtlasNode.obj
         Release.win32\CCNode.obj
         Release.win32\CCAffineTransform.obj
         Release.win32\CCAutoreleasePool.obj
         Release.win32\CCData.obj
         Release.win32\CCGeometry.obj
         Release.win32\CCNS.obj
         Release.win32\CCObject.obj
         Release.win32\CCSet.obj
         Release.win32\CCZone.obj
         Release.win32\CCGrabber.obj
         Release.win32\CCGrid.obj
         Release.win32\CCAction.obj
         Release.win32\CCActionCamera.obj
         Release.win32\CCActionEase.obj
         Release.win32\CCActionGrid.obj
         Release.win32\CCActionGrid3D.obj
         Release.win32\CCActionInstant.obj
         Release.win32\CCActionInterval.obj
         Release.win32\CCActionManager.obj
         Release.win32\CCActionPageTurn3D.obj
         Release.win32\CCActionProgressTimer.obj
         Release.win32\CCActionTiledGrid.obj
         Release.win32\CCInputDispatcher.obj
         Release.win32\CCInputEvent.obj
         Release.win32\CCRenderTextureMutable.obj
         Release.win32\CCTexture2DMutable.obj
         Release.win32\CCLabelAtlas.obj
         Release.win32\CCLabelBMFont.obj
         Release.win32\CCLabelTTF.obj
         Release.win32\CCLayer.obj
         Release.win32\CCScene.obj
         Release.win32\CCTransition.obj
         Release.win32\CCTransitionPageTurn.obj
         Release.win32\CCTransitionRadial.obj
         Release.win32\CCMenu.obj
         Release.win32\CCMenuItem.obj
         Release.win32\CCMotionStreak.obj
         Release.win32\CCProgressTimer.obj
         Release.win32\CCRenderTexture.obj
         Release.win32\CCRibbon.obj
         Release.win32\CCParticleExamples.obj
         Release.win32\CCParticleSystem.obj
         Release.win32\CCParticleSystemPoint.obj
         Release.win32\CCParticleSystemQuad.obj
         Release.win32\CCCommon.obj
         Release.win32\CCFileUtils.obj
         Release.win32\CCGL.obj
         Release.win32\CCImage.obj
         Release.win32\CCSAXParser.obj
         Release.win32\CCStdC.obj
         Release.win32\CCThread.obj
         Release.win32\platform.obj
         Release.win32\CCAccelerometer_win32.obj
         Release.win32\CCApplication_win32.obj
         Release.win32\CCEGLView_win32.obj
         Release.win32\CCAnimation.obj
         Release.win32\CCAnimationCache.obj
         Release.win32\CCSprite.obj
         Release.win32\CCSpriteBatchNode.obj
         Release.win32\CCSpriteFrame.obj
         Release.win32\CCSpriteFrameCache.obj
         Release.win32\base64.obj
         Release.win32\CCArray.obj
         Release.win32\CCPointExtension.obj
         Release.win32\CCProfiling.obj
         Release.win32\CCUserDefault.obj
         Release.win32\ccUtils.obj
         Release.win32\TransformUtils.obj
         Release.win32\TGAlib.obj
         Release.win32\ioapi.obj
         Release.win32\unzip.obj
         Release.win32\ZipUtils.obj
         Release.win32\CCTexture2D.obj
         Release.win32\CCTextureAtlas.obj
         Release.win32\CCTextureCache.obj
         Release.win32\CCTexturePVR.obj
         Release.win32\CCParallaxNode.obj
         Release.win32\CCTileMapAtlas.obj
         Release.win32\CCTMXLayer.obj
         Release.win32\CCTMXObjectGroup.obj
         Release.win32\CCTMXTiledMap.obj
         Release.win32\CCTMXXMLParser.obj
         Release.win32\CCTouchDispatcher.obj
         Release.win32\CCTouchHandler.obj
         Release.win32\CCKeypadDelegate.obj
         Release.win32\CCKeypadDispatcher.obj
         Release.win32\CCIMEDispatcher.obj
         Release.win32\CCTextFieldTTF.obj
         Release.win32\CCScriptSupport.obj
         Release.win32\CCNotificationCenter.obj
         Release.win32\CCCamera.obj
         Release.win32\CCConfiguration.obj
         Release.win32\CCDirector.obj
         Release.win32\CCDrawingPrimitives.obj
         Release.win32\CCScheduler.obj
         Release.win32\cocos2d.obj
     1>LINK : warning LNK4075: 忽略“/INCREMENTAL”(由于“/OPT:ICF”规范)
            正在创建库 C:\Users\darkfall\Desktop\tvportable\TVPortable\Resources\libcocos2d.lib 和对象 C:\Users\darkfall\Desktop\tvportable\TVPortable\Resources\libcocos2d.exp
     1>LINK : warning LNK4098: 默认库“LIBCMT”与其他库的使用冲突；请使用 /NODEFAULTLIB:library
       Manifest:
         C:\Program Files\Microsoft SDKs\Windows\v7.0A\bin\mt.exe /nologo /verbose /out:"Release.win32\libcocos2d.dll.embed.manifest" /manifest Release.win32\libcocos2d.dll.intermediate.manifest
         所有输出均为最新。
       LinkEmbedManifest:
         所有输出均为最新。
         cocos2d-win32.vcxproj -> C:\Users\darkfall\Desktop\tvportable\TVPortableWin\\..\TVPortable\Resources\libcocos2d.dll
       FinalizeBuildStatus:
         正在删除文件“Release.win32\libcocos2d.unsuccessfulbuild”。
         正在对“Release.win32\libcocos2d.lastbuildstate”执行 Touch 任务。
     1>已完成生成项目“C:\Users\darkfall\Desktop\tvportable\cocos2dx\proj.win32\cocos2d-win32.vcxproj”(build 个目标)的操作。

生成成功。

已用时间 00:00:03.10
