C:\USERS\DARKFALL\DESKTOP\TVPORTABLE\COCOS2DX\PROJ.WIN32\RELEASE.WIN32\BASE64.OBJ
C:\USERS\DARKFALL\DESKTOP\TVPORTABLE\COCOS2DX\PROJ.WIN32\RELEASE.WIN32\CCACCELEROMETER_WIN32.OBJ
C:\USERS\DARKFALL\DESKTOP\TVPORTABLE\COCOS2DX\PROJ.WIN32\RELEASE.WIN32\CCACTION.OBJ
C:\USERS\DARKFALL\DESKTOP\TVPORTABLE\COCOS2DX\PROJ.WIN32\RELEASE.WIN32\CCACTIONCAMERA.OBJ
C:\USERS\DARKFALL\DESKTOP\TVPORTABLE\COCOS2DX\PROJ.WIN32\RELEASE.WIN32\CCACTIONEASE.OBJ
C:\USERS\DARKFALL\DESKTOP\TVPORTABLE\COCOS2DX\PROJ.WIN32\RELEASE.WIN32\CCACTIONGRID.OBJ
C:\USERS\DARKFALL\DESKTOP\TVPORTABLE\COCOS2DX\PROJ.WIN32\RELEASE.WIN32\CCACTIONGRID3D.OBJ
C:\USERS\DARKFALL\DESKTOP\TVPORTABLE\COCOS2DX\PROJ.WIN32\RELEASE.WIN32\CCACTIONINSTANT.OBJ
C:\USERS\DARKFALL\DESKTOP\TVPORTABLE\COCOS2DX\PROJ.WIN32\RELEASE.WIN32\CCACTIONINTERVAL.OBJ
C:\USERS\DARKFALL\DESKTOP\TVPORTABLE\COCOS2DX\PROJ.WIN32\RELEASE.WIN32\CCACTIONMANAGER.OBJ
C:\USERS\DARKFALL\DESKTOP\TVPORTABLE\COCOS2DX\PROJ.WIN32\RELEASE.WIN32\CCACTIONPAGETURN3D.OBJ
C:\USERS\DARKFALL\DESKTOP\TVPORTABLE\COCOS2DX\PROJ.WIN32\RELEASE.WIN32\CCACTIONPROGRESSTIMER.OBJ
C:\USERS\DARKFALL\DESKTOP\TVPORTABLE\COCOS2DX\PROJ.WIN32\RELEASE.WIN32\CCACTIONTILEDGRID.OBJ
C:\USERS\DARKFALL\DESKTOP\TVPORTABLE\COCOS2DX\PROJ.WIN32\RELEASE.WIN32\CCAFFINETRANSFORM.OBJ
C:\USERS\DARKFALL\DESKTOP\TVPORTABLE\COCOS2DX\PROJ.WIN32\RELEASE.WIN32\CCANIMATION.OBJ
C:\USERS\DARKFALL\DESKTOP\TVPORTABLE\COCOS2DX\PROJ.WIN32\RELEASE.WIN32\CCANIMATIONCACHE.OBJ
C:\USERS\DARKFALL\DESKTOP\TVPORTABLE\COCOS2DX\PROJ.WIN32\RELEASE.WIN32\CCAPPLICATION_WIN32.OBJ
C:\USERS\DARKFALL\DESKTOP\TVPORTABLE\COCOS2DX\PROJ.WIN32\RELEASE.WIN32\CCARRAY.OBJ
C:\USERS\DARKFALL\DESKTOP\TVPORTABLE\COCOS2DX\PROJ.WIN32\RELEASE.WIN32\CCATLASNODE.OBJ
C:\USERS\DARKFALL\DESKTOP\TVPORTABLE\COCOS2DX\PROJ.WIN32\RELEASE.WIN32\CCAUTORELEASEPOOL.OBJ
C:\USERS\DARKFALL\DESKTOP\TVPORTABLE\COCOS2DX\PROJ.WIN32\RELEASE.WIN32\CCCAMERA.OBJ
C:\USERS\DARKFALL\DESKTOP\TVPORTABLE\COCOS2DX\PROJ.WIN32\RELEASE.WIN32\CCCOMMON.OBJ
C:\USERS\DARKFALL\DESKTOP\TVPORTABLE\COCOS2DX\PROJ.WIN32\RELEASE.WIN32\CCCONFIGURATION.OBJ
C:\USERS\DARKFALL\DESKTOP\TVPORTABLE\COCOS2DX\PROJ.WIN32\RELEASE.WIN32\CCDATA.OBJ
C:\USERS\DARKFALL\DESKTOP\TVPORTABLE\COCOS2DX\PROJ.WIN32\RELEASE.WIN32\CCDIRECTOR.OBJ
C:\USERS\DARKFALL\DESKTOP\TVPORTABLE\COCOS2DX\PROJ.WIN32\RELEASE.WIN32\CCDRAWINGPRIMITIVES.OBJ
C:\USERS\DARKFALL\DESKTOP\TVPORTABLE\COCOS2DX\PROJ.WIN32\RELEASE.WIN32\CCEGLVIEW_WIN32.OBJ
C:\USERS\DARKFALL\DESKTOP\TVPORTABLE\COCOS2DX\PROJ.WIN32\RELEASE.WIN32\CCFILEUTILS.OBJ
C:\USERS\DARKFALL\DESKTOP\TVPORTABLE\COCOS2DX\PROJ.WIN32\RELEASE.WIN32\CCGEOMETRY.OBJ
C:\USERS\DARKFALL\DESKTOP\TVPORTABLE\COCOS2DX\PROJ.WIN32\RELEASE.WIN32\CCGL.OBJ
C:\USERS\DARKFALL\DESKTOP\TVPORTABLE\COCOS2DX\PROJ.WIN32\RELEASE.WIN32\CCGRABBER.OBJ
C:\USERS\DARKFALL\DESKTOP\TVPORTABLE\COCOS2DX\PROJ.WIN32\RELEASE.WIN32\CCGRID.OBJ
C:\USERS\DARKFALL\DESKTOP\TVPORTABLE\COCOS2DX\PROJ.WIN32\RELEASE.WIN32\CCIMAGE.OBJ
C:\USERS\DARKFALL\DESKTOP\TVPORTABLE\COCOS2DX\PROJ.WIN32\RELEASE.WIN32\CCIMEDISPATCHER.OBJ
C:\USERS\DARKFALL\DESKTOP\TVPORTABLE\COCOS2DX\PROJ.WIN32\RELEASE.WIN32\CCINPUTDISPATCHER.OBJ
C:\USERS\DARKFALL\DESKTOP\TVPORTABLE\COCOS2DX\PROJ.WIN32\RELEASE.WIN32\CCINPUTEVENT.OBJ
C:\USERS\DARKFALL\DESKTOP\TVPORTABLE\COCOS2DX\PROJ.WIN32\RELEASE.WIN32\CCINPUTLISTENER.OBJ
C:\USERS\DARKFALL\DESKTOP\TVPORTABLE\COCOS2DX\PROJ.WIN32\RELEASE.WIN32\CCKEYPADDELEGATE.OBJ
C:\USERS\DARKFALL\DESKTOP\TVPORTABLE\COCOS2DX\PROJ.WIN32\RELEASE.WIN32\CCKEYPADDISPATCHER.OBJ
C:\USERS\DARKFALL\DESKTOP\TVPORTABLE\COCOS2DX\PROJ.WIN32\RELEASE.WIN32\CCLABELATLAS.OBJ
C:\USERS\DARKFALL\DESKTOP\TVPORTABLE\COCOS2DX\PROJ.WIN32\RELEASE.WIN32\CCLABELBMFONT.OBJ
C:\USERS\DARKFALL\DESKTOP\TVPORTABLE\COCOS2DX\PROJ.WIN32\RELEASE.WIN32\CCLABELTTF.OBJ
C:\USERS\DARKFALL\DESKTOP\TVPORTABLE\COCOS2DX\PROJ.WIN32\RELEASE.WIN32\CCLAYER.OBJ
C:\USERS\DARKFALL\DESKTOP\TVPORTABLE\COCOS2DX\PROJ.WIN32\RELEASE.WIN32\CCMENU.OBJ
C:\USERS\DARKFALL\DESKTOP\TVPORTABLE\COCOS2DX\PROJ.WIN32\RELEASE.WIN32\CCMENUITEM.OBJ
C:\USERS\DARKFALL\DESKTOP\TVPORTABLE\COCOS2DX\PROJ.WIN32\RELEASE.WIN32\CCMOTIONSTREAK.OBJ
C:\USERS\DARKFALL\DESKTOP\TVPORTABLE\COCOS2DX\PROJ.WIN32\RELEASE.WIN32\CCNODE.OBJ
C:\USERS\DARKFALL\DESKTOP\TVPORTABLE\COCOS2DX\PROJ.WIN32\RELEASE.WIN32\CCNOTIFICATIONCENTER.OBJ
C:\USERS\DARKFALL\DESKTOP\TVPORTABLE\COCOS2DX\PROJ.WIN32\RELEASE.WIN32\CCNS.OBJ
C:\USERS\DARKFALL\DESKTOP\TVPORTABLE\COCOS2DX\PROJ.WIN32\RELEASE.WIN32\CCOBJECT.OBJ
C:\USERS\DARKFALL\DESKTOP\TVPORTABLE\COCOS2DX\PROJ.WIN32\RELEASE.WIN32\CCPARALLAXNODE.OBJ
C:\USERS\DARKFALL\DESKTOP\TVPORTABLE\COCOS2DX\PROJ.WIN32\RELEASE.WIN32\CCPARTICLEEXAMPLES.OBJ
C:\USERS\DARKFALL\DESKTOP\TVPORTABLE\COCOS2DX\PROJ.WIN32\RELEASE.WIN32\CCPARTICLESYSTEM.OBJ
C:\USERS\DARKFALL\DESKTOP\TVPORTABLE\COCOS2DX\PROJ.WIN32\RELEASE.WIN32\CCPARTICLESYSTEMPOINT.OBJ
C:\USERS\DARKFALL\DESKTOP\TVPORTABLE\COCOS2DX\PROJ.WIN32\RELEASE.WIN32\CCPARTICLESYSTEMQUAD.OBJ
C:\USERS\DARKFALL\DESKTOP\TVPORTABLE\COCOS2DX\PROJ.WIN32\RELEASE.WIN32\CCPOINTEXTENSION.OBJ
C:\USERS\DARKFALL\DESKTOP\TVPORTABLE\COCOS2DX\PROJ.WIN32\RELEASE.WIN32\CCPROFILING.OBJ
C:\USERS\DARKFALL\DESKTOP\TVPORTABLE\COCOS2DX\PROJ.WIN32\RELEASE.WIN32\CCPROGRESSTIMER.OBJ
C:\USERS\DARKFALL\DESKTOP\TVPORTABLE\COCOS2DX\PROJ.WIN32\RELEASE.WIN32\CCRENDERTEXTURE.OBJ
C:\USERS\DARKFALL\DESKTOP\TVPORTABLE\COCOS2DX\PROJ.WIN32\RELEASE.WIN32\CCRENDERTEXTUREMUTABLE.OBJ
C:\USERS\DARKFALL\DESKTOP\TVPORTABLE\COCOS2DX\PROJ.WIN32\RELEASE.WIN32\CCRIBBON.OBJ
C:\USERS\DARKFALL\DESKTOP\TVPORTABLE\COCOS2DX\PROJ.WIN32\RELEASE.WIN32\CCSAXPARSER.OBJ
C:\USERS\DARKFALL\DESKTOP\TVPORTABLE\COCOS2DX\PROJ.WIN32\RELEASE.WIN32\CCSCENE.OBJ
C:\USERS\DARKFALL\DESKTOP\TVPORTABLE\COCOS2DX\PROJ.WIN32\RELEASE.WIN32\CCSCHEDULER.OBJ
C:\USERS\DARKFALL\DESKTOP\TVPORTABLE\COCOS2DX\PROJ.WIN32\RELEASE.WIN32\CCSCRIPTSUPPORT.OBJ
C:\USERS\DARKFALL\DESKTOP\TVPORTABLE\COCOS2DX\PROJ.WIN32\RELEASE.WIN32\CCSET.OBJ
C:\USERS\DARKFALL\DESKTOP\TVPORTABLE\COCOS2DX\PROJ.WIN32\RELEASE.WIN32\CCSPRITE.OBJ
C:\USERS\DARKFALL\DESKTOP\TVPORTABLE\COCOS2DX\PROJ.WIN32\RELEASE.WIN32\CCSPRITEBATCHNODE.OBJ
C:\USERS\DARKFALL\DESKTOP\TVPORTABLE\COCOS2DX\PROJ.WIN32\RELEASE.WIN32\CCSPRITEFRAME.OBJ
C:\USERS\DARKFALL\DESKTOP\TVPORTABLE\COCOS2DX\PROJ.WIN32\RELEASE.WIN32\CCSPRITEFRAMECACHE.OBJ
C:\USERS\DARKFALL\DESKTOP\TVPORTABLE\COCOS2DX\PROJ.WIN32\RELEASE.WIN32\CCSTDC.OBJ
C:\USERS\DARKFALL\DESKTOP\TVPORTABLE\COCOS2DX\PROJ.WIN32\RELEASE.WIN32\CCTEXTFIELDTTF.OBJ
C:\USERS\DARKFALL\DESKTOP\TVPORTABLE\COCOS2DX\PROJ.WIN32\RELEASE.WIN32\CCTEXTURE2D.OBJ
C:\USERS\DARKFALL\DESKTOP\TVPORTABLE\COCOS2DX\PROJ.WIN32\RELEASE.WIN32\CCTEXTURE2DMUTABLE.OBJ
C:\USERS\DARKFALL\DESKTOP\TVPORTABLE\COCOS2DX\PROJ.WIN32\RELEASE.WIN32\CCTEXTUREATLAS.OBJ
C:\USERS\DARKFALL\DESKTOP\TVPORTABLE\COCOS2DX\PROJ.WIN32\RELEASE.WIN32\CCTEXTURECACHE.OBJ
C:\USERS\DARKFALL\DESKTOP\TVPORTABLE\COCOS2DX\PROJ.WIN32\RELEASE.WIN32\CCTEXTUREPVR.OBJ
C:\USERS\DARKFALL\DESKTOP\TVPORTABLE\COCOS2DX\PROJ.WIN32\RELEASE.WIN32\CCTHREAD.OBJ
C:\USERS\DARKFALL\DESKTOP\TVPORTABLE\COCOS2DX\PROJ.WIN32\RELEASE.WIN32\CCTILEMAPATLAS.OBJ
C:\USERS\DARKFALL\DESKTOP\TVPORTABLE\COCOS2DX\PROJ.WIN32\RELEASE.WIN32\CCTMXLAYER.OBJ
C:\USERS\DARKFALL\DESKTOP\TVPORTABLE\COCOS2DX\PROJ.WIN32\RELEASE.WIN32\CCTMXOBJECTGROUP.OBJ
C:\USERS\DARKFALL\DESKTOP\TVPORTABLE\COCOS2DX\PROJ.WIN32\RELEASE.WIN32\CCTMXTILEDMAP.OBJ
C:\USERS\DARKFALL\DESKTOP\TVPORTABLE\COCOS2DX\PROJ.WIN32\RELEASE.WIN32\CCTMXXMLPARSER.OBJ
C:\USERS\DARKFALL\DESKTOP\TVPORTABLE\COCOS2DX\PROJ.WIN32\RELEASE.WIN32\CCTOUCHDISPATCHER.OBJ
C:\USERS\DARKFALL\DESKTOP\TVPORTABLE\COCOS2DX\PROJ.WIN32\RELEASE.WIN32\CCTOUCHHANDLER.OBJ
C:\USERS\DARKFALL\DESKTOP\TVPORTABLE\COCOS2DX\PROJ.WIN32\RELEASE.WIN32\CCTRANSITION.OBJ
C:\USERS\DARKFALL\DESKTOP\TVPORTABLE\COCOS2DX\PROJ.WIN32\RELEASE.WIN32\CCTRANSITIONPAGETURN.OBJ
C:\USERS\DARKFALL\DESKTOP\TVPORTABLE\COCOS2DX\PROJ.WIN32\RELEASE.WIN32\CCTRANSITIONRADIAL.OBJ
C:\USERS\DARKFALL\DESKTOP\TVPORTABLE\COCOS2DX\PROJ.WIN32\RELEASE.WIN32\CCUSERDEFAULT.OBJ
C:\USERS\DARKFALL\DESKTOP\TVPORTABLE\COCOS2DX\PROJ.WIN32\RELEASE.WIN32\CCUTILS.OBJ
C:\USERS\DARKFALL\DESKTOP\TVPORTABLE\COCOS2DX\PROJ.WIN32\RELEASE.WIN32\CCZONE.OBJ
C:\Users\darkfall\Desktop\tvportable\cocos2dx\proj.win32\Release.win32\cl.command.1.tlog
C:\Users\darkfall\Desktop\tvportable\cocos2dx\proj.win32\Release.win32\CL.read.1.tlog
C:\Users\darkfall\Desktop\tvportable\cocos2dx\proj.win32\Release.win32\CL.write.1.tlog
C:\USERS\DARKFALL\DESKTOP\TVPORTABLE\COCOS2DX\PROJ.WIN32\RELEASE.WIN32\COCOS2D.OBJ
C:\USERS\DARKFALL\DESKTOP\TVPORTABLE\COCOS2DX\PROJ.WIN32\RELEASE.WIN32\IOAPI.OBJ
C:\USERS\DARKFALL\DESKTOP\TVPORTABLE\COCOS2DX\PROJ.WIN32\RELEASE.WIN32\LIBCOCOS2D.DLL.EMBED.MANIFEST
C:\USERS\DARKFALL\DESKTOP\TVPORTABLE\COCOS2DX\PROJ.WIN32\RELEASE.WIN32\LIBCOCOS2D.DLL.EMBED.MANIFEST.RES
C:\USERS\DARKFALL\DESKTOP\TVPORTABLE\COCOS2DX\PROJ.WIN32\RELEASE.WIN32\LIBCOCOS2D.DLL.INTERMEDIATE.MANIFEST
C:\Users\darkfall\Desktop\tvportable\cocos2dx\proj.win32\Release.win32\libcocos2d.write.1.tlog
C:\Users\darkfall\Desktop\tvportable\cocos2dx\proj.win32\Release.win32\libcocos2d_manifest.rc
C:\Users\darkfall\Desktop\tvportable\cocos2dx\proj.win32\Release.win32\link.command.1.tlog
C:\Users\darkfall\Desktop\tvportable\cocos2dx\proj.win32\Release.win32\link.read.1.tlog
C:\Users\darkfall\Desktop\tvportable\cocos2dx\proj.win32\Release.win32\link.write.1.tlog
C:\Users\darkfall\Desktop\tvportable\cocos2dx\proj.win32\Release.win32\link-cvtres.read.1.tlog
C:\Users\darkfall\Desktop\tvportable\cocos2dx\proj.win32\Release.win32\link-cvtres.write.1.tlog
C:\Users\darkfall\Desktop\tvportable\cocos2dx\proj.win32\Release.win32\mt.command.1.tlog
C:\Users\darkfall\Desktop\tvportable\cocos2dx\proj.win32\Release.win32\mt.read.1.tlog
C:\Users\darkfall\Desktop\tvportable\cocos2dx\proj.win32\Release.win32\mt.write.1.tlog
C:\USERS\DARKFALL\DESKTOP\TVPORTABLE\COCOS2DX\PROJ.WIN32\RELEASE.WIN32\PLATFORM.OBJ
C:\Users\darkfall\Desktop\tvportable\cocos2dx\proj.win32\Release.win32\rc.command.1.tlog
C:\Users\darkfall\Desktop\tvportable\cocos2dx\proj.win32\Release.win32\rc.read.1.tlog
C:\Users\darkfall\Desktop\tvportable\cocos2dx\proj.win32\Release.win32\rc.write.1.tlog
C:\USERS\DARKFALL\DESKTOP\TVPORTABLE\COCOS2DX\PROJ.WIN32\RELEASE.WIN32\TGALIB.OBJ
C:\USERS\DARKFALL\DESKTOP\TVPORTABLE\COCOS2DX\PROJ.WIN32\RELEASE.WIN32\TRANSFORMUTILS.OBJ
C:\USERS\DARKFALL\DESKTOP\TVPORTABLE\COCOS2DX\PROJ.WIN32\RELEASE.WIN32\UNZIP.OBJ
C:\USERS\DARKFALL\DESKTOP\TVPORTABLE\COCOS2DX\PROJ.WIN32\RELEASE.WIN32\VC100.PDB
C:\USERS\DARKFALL\DESKTOP\TVPORTABLE\COCOS2DX\PROJ.WIN32\RELEASE.WIN32\ZIPUTILS.OBJ
C:\USERS\DARKFALL\DESKTOP\TVPORTABLE\TVPORTABLE\RESOURCES\LIBCOCOS2D.DLL
C:\Users\darkfall\Desktop\tvportable\TVPortable\Resources\libcocos2d.exp
C:\Users\darkfall\Desktop\tvportable\TVPortable\Resources\libcocos2d.lib
C:\USERS\DARKFALL\DESKTOP\TVPORTABLE\TVPORTABLE\RESOURCES\LIBCOCOS2D.PDB
C:\Users\darkfall\Desktop\tvportable\TVPortableWin\\..\TVPortable\Resources\libcocos2d.dll
C:\Users\darkfall\Desktop\tvportable\TVPortableWin\\..\TVPortable\Resources\libcocos2d.pdb
